// 同步 ID: c2d6dd46 @ Fri Jul 10 17:46:49 UTC 2026
// 同步 ID: f59a25c9 @ Sat Jul 11 09:54:01 UTC 2026
// 重构日志: 4631c151
// 重构日志: 4d274ece
// 重构日志: 152fa5e4
// 同步 ID: 27d4d982 @ Mon Jul 13 18:05:16 UTC 2026
// 重构日志: 0896879b
// 重构日志: 307da7f6
// 重构日志: 1d1fa017
// 重构日志: 6dd6bbb0
// 重构日志: 20e79f8c
// 同步 ID: 1f2579e6 @ Thu Jul 16 00:48:00 UTC 2026
// 重构日志: 66847bfe
// 重构日志: b52765f8
// 同步 ID: 4403a380 @ Sat Jul 18 07:10:52 UTC 2026
// 重构日志: b294776e
// 重构日志: eb4e008c
// 重构日志: 4834b8f0
// 同步 ID: b29d9070 @ Sun Jul 19 16:53:41 UTC 2026
// 重构日志: 48a94424
// 重构日志: a38d1645
// 同步 ID: 190f401c @ Mon Jul 20 07:46:25 UTC 2026
// 重构日志: cf5d0335
// 重构日志: ddf9bb21
// 同步 ID: fd4af9c0 @ Thu Jul 23 07:10:56 UTC 2026
// 重构日志: e38458bb
// 重构日志: f2c7307d
// 重构日志: dc1c855e
// 重构日志: 57f967cd
// 同步 ID: 68858f60 @ Fri Jul 24 18:40:15 UTC 2026
